<?xml version="1.0" encoding="UTF-8"?>
<testsuite xmlns:xsi="http://www.w3.org/2001/XMLSchema-instance" xsi:noNamespaceSchemaLocation="https://maven.apache.org/surefire/maven-surefire-plugin/xsd/surefire-test-report-3.0.xsd" version="3.0" name="com.tripmate.TripMateApplicationTests" time="24.318" tests="1" errors="0" skipped="0" failures="0">
  <properties>
[...]
</properties>
  <testcase name="contextLoads" classname="com.tripmate.TripMateApplicationTests" time="1.39">
    <system-out><![CDATA[Standard Commons Logging discovery in action with spring-jcl: please remove commons-logging.jar from classpath in order to avoid potential conflicts
18:25:48.217 [main] INFO org.springframework.test.context.support.AnnotationConfigContextLoaderUtils -- Could not detect default configuration classes for test class [com.tripmate.TripMateApplicationTests]: TripMateApplicationTests does not declare any static, non-private, non-final, nested classes annotated with @Configuration.
18:25:48.567 [main] INFO org.springframework.boot.test.context.SpringBootTestContextBootstrapper -- Found @SpringBootConfiguration com.tripmate.TripMateApplication for test class com.tripmate.TripMateApplicationTests

  .   ____          _            __ _ _
 /\\ / ___'_ __ _ _(_)_ __  __ _ \ \ \ \
( ( )\___ | '_ | '_| | '_ \/ _` | \ \ \ \
 \\/  ___)| |_)| | | | | || (_| |  ) ) ) )
  '  |____| .__|_| |_|_| |_\__, | / / / /
 =========|_|==============|___/=/_/_/_/
 :: Spring Boot ::                (v3.2.5)

2026-09-18T18:25:49.839+05:30  INFO 15908 --- [tripmate-backend] [           main] com.tripmate.TripMateApplicationTests    : Starting TripMateApplicationTests using Java 18.0.2.1 with PID 15908 (started by FT-0006 in D:\project x\tripmate_backend)
2026-09-18T18:25:49.846+05:30  INFO 15908 --- [tripmate-backend] [           main] com.tripmate.TripMateApplicationTests    : The following 1 profile is active: "dev"
2026-09-18T18:25:52.869+05:30  INFO 15908 --- [tripmate-backend] [           main] .s.d.r.c.RepositoryConfigurationDelegate : Bootstrapping Spring Data JPA repositories in DEFAULT mode.
2026-09-18T18:25:53.221+05:30  INFO 15908 --- [tripmate-backend] [           main] .s.d.r.c.RepositoryConfigurationDelegate : Finished Spring Data repository scanning in 332 ms. Found 15 JPA repository interfaces.
2026-09-18T18:25:55.247+05:30  INFO 15908 --- [tripmate-backend] [           main] com.zaxxer.hikari.HikariDataSource       : HikariPool-1 - Starting...
2026-09-18T18:25:56.496+05:30  INFO 15908 --- [tripmate-backend] [           main] com.zaxxer.hikari.pool.HikariPool        : HikariPool-1 - Added connection org.postgresql.jdbc.PgConnection@133aacbe
2026-09-18T18:25:56.502+05:30  INFO 15908 --- [tripmate-backend] [           main] com.zaxxer.hikari.HikariDataSource       : HikariPool-1 - Start completed.
2026-09-18T18:25:56.977+05:30  INFO 15908 --- [tripmate-backend] [           main] o.f.c.internal.license.VersionPrinter    : Flyway Community Edition 9.22.3 by Redgate
2026-09-18T18:25:56.977+05:30  INFO 15908 --- [tripmate-backend] [           main] o.f.c.internal.license.VersionPrinter    : See release notes here: https://rd.gt/416ObMi
2026-09-18T18:25:56.978+05:30  INFO 15908 --- [tripmate-backend] [           main] o.f.c.internal.license.VersionPrinter    : 
2026-09-18T18:25:57.050+05:30  INFO 15908 --- [tripmate-backend] [           main] org.flywaydb.core.FlywayExecutor         : Database: jdbc:postgresql://localhost:5432/tripmate (PostgreSQL 18.4)
2026-09-18T18:25:57.096+05:30  WARN 15908 --- [tripmate-backend] [           main] o.f.c.internal.database.base.Database    : Flyway upgrade recommended: PostgreSQL 18.4 is newer than this version of Flyway and support has not been tested. The latest supported version of PostgreSQL is 15.
2026-09-18T18:25:57.333+05:30  INFO 15908 --- [tripmate-backend] [           main] o.f.core.internal.command.DbValidate     : Successfully validated 14 migrations (execution time 00:00.185s)
2026-09-18T18:25:57.387+05:30  INFO 15908 --- [tripmate-backend] [           main] o.f.core.internal.command.DbMigrate      : Current version of schema "public": 14
2026-09-18T18:25:57.406+05:30  INFO 15908 --- [tripmate-backend] [           main] o.f.core.internal.command.DbMigrate      : Schema "public" is up to date. No migration necessary.
2026-09-18T18:25:57.915+05:30  INFO 15908 --- [tripmate-backend] [           main] o.hibernate.jpa.internal.util.LogHelper  : HHH000204: Processing PersistenceUnitInfo [name: default]
2026-09-18T18:25:58.192+05:30  INFO 15908 --- [tripmate-backend] [           main] org.hibernate.Version                    : HHH000412: Hibernate ORM core version 6.4.4.Final
2026-09-18T18:25:58.346+05:30  INFO 15908 --- [tripmate-backend] [           main] o.h.c.internal.RegionFactoryInitiator    : HHH000026: Second-level cache disabled
2026-09-18T18:25:59.192+05:30  INFO 15908 --- [tripmate-backend] [           main] o.s.o.j.p.SpringPersistenceUnitInfo      : No LoadTimeWeaver setup: ignoring JPA class transformer
2026-09-18T18:25:59.383+05:30  WARN 15908 --- [tripmate-backend] [           main] org.hibernate.orm.deprecation            : HHH90000025: PostgreSQLDialect does not need to be specified explicitly using 'hibernate.dialect' (remove the property setting and it will be selected by default)
2026-09-18T18:26:03.296+05:30  INFO 15908 --- [tripmate-backend] [           main] o.h.e.t.j.p.i.JtaPlatformInitiator       : HHH000489: No JTA platform available (set 'hibernate.transaction.jta.platform' to enable JTA platform integration)
2026-09-18T18:26:03.500+05:30  INFO 15908 --- [tripmate-backend] [           main] j.LocalContainerEntityManagerFactoryBean : Initialized JPA EntityManagerFactory for persistence unit 'default'
2026-09-18T18:26:04.962+05:30  INFO 15908 --- [tripmate-backend] [           main] o.s.d.j.r.query.QueryEnhancerFactory     : Hibernate is in classpath; If applicable, HQL parser will be used.
2026-09-18T18:26:08.300+05:30  WARN 15908 --- [tripmate-backend] [           main] .s.s.UserDetailsServiceAutoConfiguration : 

Using generated security password: f9882082-dd66-42e9-a641-4c258294a8b8

This generated password is for development use only. Your security configuration must be updated before running your application in production.

2026-09-18T18:26:09.269+05:30  INFO 15908 --- [tripmate-backend] [           main] o.s.s.web.DefaultSecurityFilterChain     : Will secure any request with [org.springframework.security.web.session.DisableEncodeUrlFilter@357f7e2d, org.springframework.security.web.context.request.async.WebAsyncManagerIntegrationFilter@30396acf, org.springframework.security.web.context.SecurityContextHolderFilter@3e3a7482, org.springframework.security.web.header.HeaderWriterFilter@471021f8, org.springframework.web.filter.CorsFilter@60389293, org.springframework.security.web.authentication.logout.LogoutFilter@53b1a09f, com.tripmate.auth.JwtAuthFilter@65ff1e6d, org.springframework.security.web.savedrequest.RequestCacheAwareFilter@613d4fa6, org.springframework.security.web.servletapi.SecurityContextHolderAwareRequestFilter@4d400e77, org.springframework.security.web.authentication.AnonymousAuthenticationFilter@12136fc6, org.springframework.security.web.session.SessionManagementFilter@4dc24d88, org.springframework.security.web.access.ExceptionTranslationFilter@5c8d22de, org.springframework.security.web.access.intercept.AuthorizationFilter@78cfa18c]
2026-09-18T18:26:10.553+05:30  INFO 15908 --- [tripmate-backend] [           main] o.s.m.s.b.SimpleBrokerMessageHandler     : Starting...
2026-09-18T18:26:10.559+05:30  INFO 15908 --- [tripmate-backend] [           main] o.s.m.s.b.SimpleBrokerMessageHandler     : BrokerAvailabilityEvent[available=true, SimpleBrokerMessageHandler [org.springframework.messaging.simp.broker.DefaultSubscriptionRegistry@850579f]]
2026-09-18T18:26:10.561+05:30  INFO 15908 --- [tripmate-backend] [           main] o.s.m.s.b.SimpleBrokerMessageHandler     : Started.
2026-09-18T18:26:10.584+05:30  INFO 15908 --- [tripmate-backend] [           main] com.tripmate.TripMateApplicationTests    : Started TripMateApplicationTests in 21.64 seconds (process running for 24.622)
]]></system-out>
  </testcase>
</testsuite>